# JRE version: Java(TM) SE Runtime Environment (8.0_191-b12) (build 1.8.0_191-b12)
# Java VM: Java HotSpot(TM) 64-Bit Server VM (25.191-b12 mixed mode windows-amd64 compressed oops)
Heap:
 PSYoungGen      total 148992K, used 123387K [0x00000000d5d80000, 0x00000000e0080000, 0x0000000100000000)
  eden space 132608K, 93% used [0x00000000d5d80000,0x00000000dd5fee48,0x00000000ddf00000)
  from space 16384K, 0% used [0x00000000def80000,0x00000000def80000,0x00000000dff80000)
  to   space 16896K, 0% used [0x00000000ddf00000,0x00000000ddf00000,0x00000000def80000)
 ParOldGen       total 87552K, used 27924K [0x0000000081800000, 0x0000000086d80000, 0x00000000d5d80000)
  object space 87552K, 31% used [0x0000000081800000,0x00000000833450e0,0x0000000086d80000)
 Metaspace       used 27048K, capacity 28142K, committed 28288K, reserved 1075200K
  class space    used 3157K, capacity 3431K, committed 3456K, reserved 1048576K
GC Heap History (10 events):
Event: 2.167 GC heap before
{Heap before GC invocations=3 (full 0):
 PSYoungGen      total 38400K, used 38398K [0x00000000d5d80000, 0x00000000d8800000, 0x0000000100000000)
  eden space 33280K, 100% used [0x00000000d5d80000,0x00000000d7e00000,0x00000000d7e00000)
  from space 5120K, 99% used [0x00000000d8300000,0x00000000d87ffa28,0x00000000d8800000)
  to   space 5120K, 0% used [0x00000000d7e00000,0x00000000d7e00000,0x00000000d8300000)
 ParOldGen       total 87552K, used 2491K [0x0000000081800000, 0x0000000086d80000, 0x00000000d5d80000)
  object space 87552K, 2% used [0x0000000081800000,0x0000000081a6eda8,0x0000000086d80000)
 Metaspace       used 13615K, capacity 13758K, committed 14080K, reserved 1062912K
  class space    used 1409K, capacity 1472K, committed 1536K, reserved 1048576K
Event: 2.185 GC heap after
Heap after GC invocations=3 (full 0):
 PSYoungGen      total 38400K, used 5094K [0x00000000d5d80000, 0x00000000da880000, 0x0000000100000000)
  eden space 33280K, 0% used [0x00000000d5d80000,0x00000000d5d80000,0x00000000d7e00000)
  from space 5120K, 99% used [0x00000000d7e00000,0x00000000d82f9b50,0x00000000d8300000)
  to   space 5120K, 0% used [0x00000000da380000,0x00000000da380000,0x00000000da880000)
 ParOldGen       total 87552K, used 9514K [0x0000000081800000, 0x0000000086d80000, 0x00000000d5d80000)
  object space 87552K, 10% used [0x0000000081800000,0x000000008214a8b8,0x0000000086d80000)
 Metaspace       used 13615K, capacity 13758K, committed 14080K, reserved 1062912K
  class space    used 1409K, capacity 1472K, committed 1536K, reserved 1048576K
}
Event: 2.416 GC heap before
{Heap before GC invocations=4 (full 0):
 PSYoungGen      total 38400K, used 38374K [0x00000000d5d80000, 0x00000000da880000, 0x0000000100000000)
  eden space 33280K, 100% used [0x00000000d5d80000,0x00000000d7e00000,0x00000000d7e00000)
  from space 5120K, 99% used [0x00000000d7e00000,0x00000000d82f9b50,0x00000000d8300000)
  to   space 5120K, 0% used [0x00000000da380000,0x00000000da380000,0x00000000da880000)
 ParOldGen       total 87552K, used 9514K [0x0000000081800000, 0x0000000086d80000, 0x00000000d5d80000)
  object space 87552K, 10% used [0x0000000081800000,0x000000008214a8b8,0x0000000086d80000)
 Metaspace       used 14752K, capacity 14942K, committed 15232K, reserved 1062912K
  class space    used 1493K, capacity 1568K, committed 1664K, reserved 1048576K
Event: 2.430 GC heap after
Heap after GC invocations=4 (full 0):
 PSYoungGen      total 71680K, used 5118K [0x00000000d5d80000, 0x00000000da880000, 0x0000000100000000)
  eden space 66560K, 0% used [0x00000000d5d80000,0x00000000d5d80000,0x00000000d9e80000)
  from space 5120K, 99% used [0x00000000da380000,0x00000000da87fa18,0x00000000da880000)
  to   space 5120K, 0% used [0x00000000d9e80000,0x00000000d9e80000,0x00000000da380000)
 ParOldGen       total 87552K, used 15213K [0x0000000081800000, 0x0000000086d80000, 0x00000000d5d80000)
  object space 87552K, 17% used [0x0000000081800000,0x00000000826db6c0,0x0000000086d80000)
 Metaspace       used 14752K, capacity 14942K, committed 15232K, reserved 1062912K
  class space    used 1493K, capacity 1568K, committed 1664K, reserved 1048576K
}
Event: 2.930 GC heap before
{Heap before GC invocations=5 (full 0):
 PSYoungGen      total 71680K, used 71678K [0x00000000d5d80000, 0x00000000da880000, 0x0000000100000000)
  eden space 66560K, 100% used [0x00000000d5d80000,0x00000000d9e80000,0x00000000d9e80000)
  from space 5120K, 99% used [0x00000000da380000,0x00000000da87fa18,0x00000000da880000)
  to   space 5120K, 0% used [0x00000000d9e80000,0x00000000d9e80000,0x00000000da380000)
 ParOldGen       total 87552K, used 15213K [0x0000000081800000, 0x0000000086d80000, 0x00000000d5d80000)
  object space 87552K, 17% used [0x0000000081800000,0x00000000826db6c0,0x0000000086d80000)
 Metaspace       used 17559K, capacity 17806K, committed 18176K, reserved 1064960K
  class space    used 1834K, capacity 1928K, committed 2048K, reserved 1048576K
Event: 2.945 GC heap after
Heap after GC invocations=5 (full 0):
 PSYoungGen      total 71680K, used 5105K [0x00000000d5d80000, 0x00000000dff80000, 0x0000000100000000)
  eden space 66560K, 0% used [0x00000000d5d80000,0x00000000d5d80000,0x00000000d9e80000)
  from space 5120K, 99% used [0x00000000d9e80000,0x00000000da37c6d8,0x00000000da380000)
  to   space 16384K, 0% used [0x00000000def80000,0x00000000def80000,0x00000000dff80000)
 ParOldGen       total 87552K, used 22778K [0x0000000081800000, 0x0000000086d80000, 0x00000000d5d80000)
  object space 87552K, 26% used [0x0000000081800000,0x0000000082e3e8b0,0x0000000086d80000)
 Metaspace       used 17559K, capacity 17806K, committed 18176K, reserved 1064960K
  class space    used 1834K, capacity 1928K, committed 2048K, reserved 1048576K
}
Event: 3.571 GC heap before
{Heap before GC invocations=6 (full 0):
 PSYoungGen      total 71680K, used 63080K [0x00000000d5d80000, 0x00000000dff80000, 0x0000000100000000)
  eden space 66560K, 87% used [0x00000000d5d80000,0x00000000d961dbe8,0x00000000d9e80000)
  from space 5120K, 99% used [0x00000000d9e80000,0x00000000da37c6d8,0x00000000da380000)
  to   space 16384K, 0% used [0x00000000def80000,0x00000000def80000,0x00000000dff80000)
 ParOldGen       total 87552K, used 22778K [0x0000000081800000, 0x0000000086d80000, 0x00000000d5d80000)
  object space 87552K, 26% used [0x0000000081800000,0x0000000082e3e8b0,0x0000000086d80000)
 Metaspace       used 20721K, capacity 21204K, committed 21296K, reserved 1069056K
  class space    used 2277K, capacity 2415K, committed 2432K, reserved 1048576K
Event: 3.588 GC heap after
Heap after GC invocations=6 (full 0):
 PSYoungGen      total 148992K, used 12411K [0x00000000d5d80000, 0x00000000e0080000, 0x0000000100000000)
  eden space 132608K, 0% used [0x00000000d5d80000,0x00000000d5d80000,0x00000000ddf00000)
  from space 16384K, 75% used [0x00000000def80000,0x00000000dfb9ecd8,0x00000000dff80000)
  to   space 16896K, 0% used [0x00000000ddf00000,0x00000000ddf00000,0x00000000def80000)
 ParOldGen       total 87552K, used 22786K [0x0000000081800000, 0x0000000086d80000, 0x00000000d5d80000)
  object space 87552K, 26% used [0x0000000081800000,0x0000000082e408b0,0x0000000086d80000)
 Metaspace       used 20721K, capacity 21204K, committed 21296K, reserved 1069056K
  class space    used 2277K, capacity 2415K, committed 2432K, reserved 1048576K
}
Event: 3.588 GC heap before
{Heap before GC invocations=7 (full 1):
 PSYoungGen      total 148992K, used 12411K [0x00000000d5d80000, 0x00000000e0080000, 0x0000000100000000)
  eden space 132608K, 0% used [0x00000000d5d80000,0x00000000d5d80000,0x00000000ddf00000)
  from space 16384K, 75% used [0x00000000def80000,0x00000000dfb9ecd8,0x00000000dff80000)
  to   space 16896K, 0% used [0x00000000ddf00000,0x00000000ddf00000,0x00000000def80000)
 ParOldGen       total 87552K, used 22786K [0x0000000081800000, 0x0000000086d80000, 0x00000000d5d80000)
  object space 87552K, 26% used [0x0000000081800000,0x0000000082e408b0,0x0000000086d80000)
 Metaspace       used 20721K, capacity 21204K, committed 21296K, reserved 1069056K
  class space    used 2277K, capacity 2415K, committed 2432K, reserved 1048576K
Event: 3.671 GC heap after
Heap after GC invocations=7 (full 1):
 PSYoungGen      total 148992K, used 0K [0x00000000d5d80000, 0x00000000e0080000, 0x0000000100000000)
  eden space 132608K, 0% used [0x00000000d5d80000,0x00000000d5d80000,0x00000000ddf00000)
  from space 16384K, 0% used [0x00000000def80000,0x00000000def80000,0x00000000dff80000)
  to   space 16896K, 0% used [0x00000000ddf00000,0x00000000ddf00000,0x00000000def80000)
 ParOldGen       total 87552K, used 27924K [0x0000000081800000, 0x0000000086d80000, 0x00000000d5d80000)
  object space 87552K, 31% used [0x0000000081800000,0x00000000833450e0,0x0000000086d80000)
 Metaspace       used 20721K, capacity 21204K, committed 21296K, reserved 1069056K
  class space    used 2277K, capacity 2415K, committed 2432K, reserved 1048576K
}

