# JRE version: Java(TM) SE Runtime Environment (8.0_191-b12) (build 1.8.0_191-b12)
# Java VM: Java HotSpot(TM) 64-Bit Server VM (25.191-b12 mixed mode windows-amd64 compressed oops)
Heap:
 PSYoungGen      total 151552K, used 103189K [0x00000000d5d80000, 0x00000000e0480000, 0x0000000100000000)
  eden space 133120K, 77% used [0x00000000d5d80000,0x00000000dc245478,0x00000000ddf80000)
  from space 18432K, 0% used [0x00000000df280000,0x00000000df280000,0x00000000e0480000)
  to   space 18944K, 0% used [0x00000000ddf80000,0x00000000ddf80000,0x00000000df200000)
 ParOldGen       total 89088K, used 27703K [0x0000000081800000, 0x0000000086f00000, 0x00000000d5d80000)
  object space 89088K, 31% used [0x0000000081800000,0x000000008330dc60,0x0000000086f00000)
 Metaspace       used 26367K, capacity 27428K, committed 27648K, reserved 1073152K
  class space    used 3045K, capacity 3320K, committed 3328K, reserved 1048576K
GC Heap History (10 events):
Event: 2.329 GC heap before
{Heap before GC invocations=3 (full 0):
 PSYoungGen      total 38400K, used 38397K [0x00000000d5d80000, 0x00000000d8800000, 0x0000000100000000)
  eden space 33280K, 100% used [0x00000000d5d80000,0x00000000d7e00000,0x00000000d7e00000)
  from space 5120K, 99% used [0x00000000d8300000,0x00000000d87ff458,0x00000000d8800000)
  to   space 5120K, 0% used [0x00000000d7e00000,0x00000000d7e00000,0x00000000d8300000)
 ParOldGen       total 87552K, used 4169K [0x0000000081800000, 0x0000000086d80000, 0x00000000d5d80000)
  object space 87552K, 4% used [0x0000000081800000,0x0000000081c12730,0x0000000086d80000)
 Metaspace       used 13639K, capacity 13822K, committed 14080K, reserved 1062912K
  class space    used 1408K, capacity 1472K, committed 1536K, reserved 1048576K
Event: 2.345 GC heap after
Heap after GC invocations=3 (full 0):
 PSYoungGen      total 38400K, used 5102K [0x00000000d5d80000, 0x00000000da880000, 0x0000000100000000)
  eden space 33280K, 0% used [0x00000000d5d80000,0x00000000d5d80000,0x00000000d7e00000)
  from space 5120K, 99% used [0x00000000d7e00000,0x00000000d82fba08,0x00000000d8300000)
  to   space 5120K, 0% used [0x00000000da380000,0x00000000da380000,0x00000000da880000)
 ParOldGen       total 87552K, used 11872K [0x0000000081800000, 0x0000000086d80000, 0x00000000d5d80000)
  object space 87552K, 13% used [0x0000000081800000,0x00000000823982a8,0x0000000086d80000)
 Metaspace       used 13639K, capacity 13822K, committed 14080K, reserved 1062912K
  class space    used 1408K, capacity 1472K, committed 1536K, reserved 1048576K
}
Event: 2.547 GC heap before
{Heap before GC invocations=4 (full 0):
 PSYoungGen      total 38400K, used 38382K [0x00000000d5d80000, 0x00000000da880000, 0x0000000100000000)
  eden space 33280K, 100% used [0x00000000d5d80000,0x00000000d7e00000,0x00000000d7e00000)
  from space 5120K, 99% used [0x00000000d7e00000,0x00000000d82fba08,0x00000000d8300000)
  to   space 5120K, 0% used [0x00000000da380000,0x00000000da380000,0x00000000da880000)
 ParOldGen       total 87552K, used 11872K [0x0000000081800000, 0x0000000086d80000, 0x00000000d5d80000)
  object space 87552K, 13% used [0x0000000081800000,0x00000000823982a8,0x0000000086d80000)
 Metaspace       used 14786K, capacity 14942K, committed 15232K, reserved 1062912K
  class space    used 1496K, capacity 1568K, committed 1664K, reserved 1048576K
Event: 2.562 GC heap after
Heap after GC invocations=4 (full 0):
 PSYoungGen      total 71680K, used 5118K [0x00000000d5d80000, 0x00000000da880000, 0x0000000100000000)
  eden space 66560K, 0% used [0x00000000d5d80000,0x00000000d5d80000,0x00000000d9e80000)
  from space 5120K, 99% used [0x00000000da380000,0x00000000da87faf0,0x00000000da880000)
  to   space 5120K, 0% used [0x00000000d9e80000,0x00000000d9e80000,0x00000000da380000)
 ParOldGen       total 87552K, used 19580K [0x0000000081800000, 0x0000000086d80000, 0x00000000d5d80000)
  object space 87552K, 22% used [0x0000000081800000,0x0000000082b1f3b8,0x0000000086d80000)
 Metaspace       used 14786K, capacity 14942K, committed 15232K, reserved 1062912K
  class space    used 1496K, capacity 1568K, committed 1664K, reserved 1048576K
}
Event: 3.068 GC heap before
{Heap before GC invocations=5 (full 0):
 PSYoungGen      total 71680K, used 71678K [0x00000000d5d80000, 0x00000000da880000, 0x0000000100000000)
  eden space 66560K, 100% used [0x00000000d5d80000,0x00000000d9e80000,0x00000000d9e80000)
  from space 5120K, 99% used [0x00000000da380000,0x00000000da87faf0,0x00000000da880000)
  to   space 5120K, 0% used [0x00000000d9e80000,0x00000000d9e80000,0x00000000da380000)
 ParOldGen       total 87552K, used 19580K [0x0000000081800000, 0x0000000086d80000, 0x00000000d5d80000)
  object space 87552K, 22% used [0x0000000081800000,0x0000000082b1f3b8,0x0000000086d80000)
 Metaspace       used 17618K, capacity 17806K, committed 18176K, reserved 1064960K
  class space    used 1840K, capacity 1928K, committed 2048K, reserved 1048576K
Event: 3.087 GC heap after
Heap after GC invocations=5 (full 0):
 PSYoungGen      total 71680K, used 5104K [0x00000000d5d80000, 0x00000000e0580000, 0x0000000100000000)
  eden space 66560K, 0% used [0x00000000d5d80000,0x00000000d5d80000,0x00000000d9e80000)
  from space 5120K, 99% used [0x00000000d9e80000,0x00000000da37c108,0x00000000da380000)
  to   space 19456K, 0% used [0x00000000df280000,0x00000000df280000,0x00000000e0580000)
 ParOldGen       total 87552K, used 29562K [0x0000000081800000, 0x0000000086d80000, 0x00000000d5d80000)
  object space 87552K, 33% used [0x0000000081800000,0x00000000834deb00,0x0000000086d80000)
 Metaspace       used 17618K, capacity 17806K, committed 18176K, reserved 1064960K
  class space    used 1840K, capacity 1928K, committed 2048K, reserved 1048576K
}
Event: 3.778 GC heap before
{Heap before GC invocations=6 (full 0):
 PSYoungGen      total 71680K, used 59944K [0x00000000d5d80000, 0x00000000e0580000, 0x0000000100000000)
  eden space 66560K, 82% used [0x00000000d5d80000,0x00000000d930dfa8,0x00000000d9e80000)
  from space 5120K, 99% used [0x00000000d9e80000,0x00000000da37c108,0x00000000da380000)
  to   space 19456K, 0% used [0x00000000df280000,0x00000000df280000,0x00000000e0580000)
 ParOldGen       total 87552K, used 29562K [0x0000000081800000, 0x0000000086d80000, 0x00000000d5d80000)
  object space 87552K, 33% used [0x0000000081800000,0x00000000834deb00,0x0000000086d80000)
 Metaspace       used 20712K, capacity 21204K, committed 21296K, reserved 1069056K
  class space    used 2276K, capacity 2415K, committed 2432K, reserved 1048576K
Event: 3.796 GC heap after
Heap after GC invocations=6 (full 0):
 PSYoungGen      total 151552K, used 12256K [0x00000000d5d80000, 0x00000000e0480000, 0x0000000100000000)
  eden space 133120K, 0% used [0x00000000d5d80000,0x00000000d5d80000,0x00000000ddf80000)
  from space 18432K, 66% used [0x00000000df280000,0x00000000dfe78258,0x00000000e0480000)
  to   space 18944K, 0% used [0x00000000ddf80000,0x00000000ddf80000,0x00000000df200000)
 ParOldGen       total 87552K, used 29570K [0x0000000081800000, 0x0000000086d80000, 0x00000000d5d80000)
  object space 87552K, 33% used [0x0000000081800000,0x00000000834e0b00,0x0000000086d80000)
 Metaspace       used 20712K, capacity 21204K, committed 21296K, reserved 1069056K
  class space    used 2276K, capacity 2415K, committed 2432K, reserved 1048576K
}
Event: 3.796 GC heap before
{Heap before GC invocations=7 (full 1):
 PSYoungGen      total 151552K, used 12256K [0x00000000d5d80000, 0x00000000e0480000, 0x0000000100000000)
  eden space 133120K, 0% used [0x00000000d5d80000,0x00000000d5d80000,0x00000000ddf80000)
  from space 18432K, 66% used [0x00000000df280000,0x00000000dfe78258,0x00000000e0480000)
  to   space 18944K, 0% used [0x00000000ddf80000,0x00000000ddf80000,0x00000000df200000)
 ParOldGen       total 87552K, used 29570K [0x0000000081800000, 0x0000000086d80000, 0x00000000d5d80000)
  object space 87552K, 33% used [0x0000000081800000,0x00000000834e0b00,0x0000000086d80000)
 Metaspace       used 20712K, capacity 21204K, committed 21296K, reserved 1069056K
  class space    used 2276K, capacity 2415K, committed 2432K, reserved 1048576K
Event: 3.880 GC heap after
Heap after GC invocations=7 (full 1):
 PSYoungGen      total 151552K, used 0K [0x00000000d5d80000, 0x00000000e0480000, 0x0000000100000000)
  eden space 133120K, 0% used [0x00000000d5d80000,0x00000000d5d80000,0x00000000ddf80000)
  from space 18432K, 0% used [0x00000000df280000,0x00000000df280000,0x00000000e0480000)
  to   space 18944K, 0% used [0x00000000ddf80000,0x00000000ddf80000,0x00000000df200000)
 ParOldGen       total 89088K, used 27703K [0x0000000081800000, 0x0000000086f00000, 0x00000000d5d80000)
  object space 89088K, 31% used [0x0000000081800000,0x000000008330dc60,0x0000000086f00000)
 Metaspace       used 20712K, capacity 21204K, committed 21296K, reserved 1069056K
  class space    used 2276K, capacity 2415K, committed 2432K, reserved 1048576K
}

