Heap:
 PSYoungGen      total 71680K, used 60816K [0x00000000d5d80000, 0x00000000de980000, 0x0000000100000000)
  eden space 66560K, 91% used [0x00000000d5d80000,0x00000000d98e4358,0x00000000d9e80000)
  from space 5120K, 0% used [0x00000000d9e80000,0x00000000d9e80000,0x00000000da380000)
  to   space 5120K, 0% used [0x00000000de480000,0x00000000de480000,0x00000000de980000)
 ParOldGen       total 59392K, used 6691K [0x0000000081800000, 0x0000000085200000, 0x00000000d5d80000)
  object space 59392K, 11% used [0x0000000081800000,0x0000000081e88c50,0x0000000085200000)
 Metaspace       used 29740K, capacity 31986K, committed 32256K, reserved 1077248K
  class space    used 3604K, capacity 3982K, committed 4096K, reserved 1048576K
GC Heap History (8 events):
Event: 0.914 GC heap before
{Heap before GC invocations=1 (full 0):
 PSYoungGen      total 38400K, used 33280K [0x00000000d5d80000, 0x00000000d8800000, 0x0000000100000000)
  eden space 33280K, 100% used [0x00000000d5d80000,0x00000000d7e00000,0x00000000d7e00000)
  from space 5120K, 0% used [0x00000000d8300000,0x00000000d8300000,0x00000000d8800000)
  to   space 5120K, 0% used [0x00000000d7e00000,0x00000000d7e00000,0x00000000d8300000)
 ParOldGen       total 87552K, used 0K [0x0000000081800000, 0x0000000086d80000, 0x00000000d5d80000)
  object space 87552K, 0% used [0x0000000081800000,0x0000000081800000,0x0000000086d80000)
 Metaspace       used 12742K, capacity 13290K, committed 13440K, reserved 1060864K
  class space    used 1476K, capacity 1589K, committed 1664K, reserved 1048576K
Event: 0.926 GC heap after
Heap after GC invocations=1 (full 0):
 PSYoungGen      total 38400K, used 5111K [0x00000000d5d80000, 0x00000000da880000, 0x0000000100000000)
  eden space 33280K, 0% used [0x00000000d5d80000,0x00000000d5d80000,0x00000000d7e00000)
  from space 5120K, 99% used [0x00000000d7e00000,0x00000000d82fddc0,0x00000000d8300000)
  to   space 5120K, 0% used [0x00000000da380000,0x00000000da380000,0x00000000da880000)
 ParOldGen       total 87552K, used 2590K [0x0000000081800000, 0x0000000086d80000, 0x00000000d5d80000)
  object space 87552K, 2% used [0x0000000081800000,0x0000000081a87950,0x0000000086d80000)
 Metaspace       used 12742K, capacity 13290K, committed 13440K, reserved 1060864K
  class space    used 1476K, capacity 1589K, committed 1664K, reserved 1048576K
}
Event: 1.818 GC heap before
{Heap before GC invocations=2 (full 0):
 PSYoungGen      total 38400K, used 38391K [0x00000000d5d80000, 0x00000000da880000, 0x0000000100000000)
  eden space 33280K, 100% used [0x00000000d5d80000,0x00000000d7e00000,0x00000000d7e00000)
  from space 5120K, 99% used [0x00000000d7e00000,0x00000000d82fddc0,0x00000000d8300000)
  to   space 5120K, 0% used [0x00000000da380000,0x00000000da380000,0x00000000da880000)
 ParOldGen       total 87552K, used 2590K [0x0000000081800000, 0x0000000086d80000, 0x00000000d5d80000)
  object space 87552K, 2% used [0x0000000081800000,0x0000000081a87950,0x0000000086d80000)
 Metaspace       used 18583K, capacity 19950K, committed 20224K, reserved 1067008K
  class space    used 2209K, capacity 2437K, committed 2560K, reserved 1048576K
Event: 1.834 GC heap after
Heap after GC invocations=2 (full 0):
 PSYoungGen      total 71680K, used 5104K [0x00000000d5d80000, 0x00000000da880000, 0x0000000100000000)
  eden space 66560K, 0% used [0x00000000d5d80000,0x00000000d5d80000,0x00000000d9e80000)
  from space 5120K, 99% used [0x00000000da380000,0x00000000da87c050,0x00000000da880000)
  to   space 5120K, 0% used [0x00000000d9e80000,0x00000000d9e80000,0x00000000da380000)
 ParOldGen       total 87552K, used 5937K [0x0000000081800000, 0x0000000086d80000, 0x00000000d5d80000)
  object space 87552K, 6% used [0x0000000081800000,0x0000000081dcc738,0x0000000086d80000)
 Metaspace       used 18583K, capacity 19950K, committed 20224K, reserved 1067008K
  class space    used 2209K, capacity 2437K, committed 2560K, reserved 1048576K
}
Event: 1.974 GC heap before
{Heap before GC invocations=3 (full 0):
 PSYoungGen      total 71680K, used 17209K [0x00000000d5d80000, 0x00000000da880000, 0x0000000100000000)
  eden space 66560K, 18% used [0x00000000d5d80000,0x00000000d6952698,0x00000000d9e80000)
  from space 5120K, 99% used [0x00000000da380000,0x00000000da87c050,0x00000000da880000)
  to   space 5120K, 0% used [0x00000000d9e80000,0x00000000d9e80000,0x00000000da380000)
 ParOldGen       total 87552K, used 5937K [0x0000000081800000, 0x0000000086d80000, 0x00000000d5d80000)
  object space 87552K, 6% used [0x0000000081800000,0x0000000081dcc738,0x0000000086d80000)
 Metaspace       used 19529K, capacity 21134K, committed 21296K, reserved 1069056K
  class space    used 2341K, capacity 2607K, committed 2688K, reserved 1048576K
Event: 1.982 GC heap after
Heap after GC invocations=3 (full 0):
 PSYoungGen      total 71680K, used 5098K [0x00000000d5d80000, 0x00000000de980000, 0x0000000100000000)
  eden space 66560K, 0% used [0x00000000d5d80000,0x00000000d5d80000,0x00000000d9e80000)
  from space 5120K, 99% used [0x00000000d9e80000,0x00000000da37abf0,0x00000000da380000)
  to   space 5120K, 0% used [0x00000000de480000,0x00000000de480000,0x00000000de980000)
 ParOldGen       total 87552K, used 6630K [0x0000000081800000, 0x0000000086d80000, 0x00000000d5d80000)
  object space 87552K, 7% used [0x0000000081800000,0x0000000081e79838,0x0000000086d80000)
 Metaspace       used 19529K, capacity 21134K, committed 21296K, reserved 1069056K
  class space    used 2341K, capacity 2607K, committed 2688K, reserved 1048576K
}
Event: 1.982 GC heap before
{Heap before GC invocations=4 (full 1):
 PSYoungGen      total 71680K, used 5098K [0x00000000d5d80000, 0x00000000de980000, 0x0000000100000000)
  eden space 66560K, 0% used [0x00000000d5d80000,0x00000000d5d80000,0x00000000d9e80000)
  from space 5120K, 99% used [0x00000000d9e80000,0x00000000da37abf0,0x00000000da380000)
  to   space 5120K, 0% used [0x00000000de480000,0x00000000de480000,0x00000000de980000)
 ParOldGen       total 87552K, used 6630K [0x0000000081800000, 0x0000000086d80000, 0x00000000d5d80000)
  object space 87552K, 7% used [0x0000000081800000,0x0000000081e79838,0x0000000086d80000)
 Metaspace       used 19529K, capacity 21134K, committed 21296K, reserved 1069056K
  class space    used 2341K, capacity 2607K, committed 2688K, reserved 1048576K
Event: 2.025 GC heap after
Heap after GC invocations=4 (full 1):
 PSYoungGen      total 71680K, used 0K [0x00000000d5d80000, 0x00000000de980000, 0x0000000100000000)
  eden space 66560K, 0% used [0x00000000d5d80000,0x00000000d5d80000,0x00000000d9e80000)
  from space 5120K, 0% used [0x00000000d9e80000,0x00000000d9e80000,0x00000000da380000)
  to   space 5120K, 0% used [0x00000000de480000,0x00000000de480000,0x00000000de980000)
 ParOldGen       total 59392K, used 6691K [0x0000000081800000, 0x0000000085200000, 0x00000000d5d80000)
  object space 59392K, 11% used [0x0000000081800000,0x0000000081e88c50,0x0000000085200000)
 Metaspace       used 19519K, capacity 21098K, committed 21296K, reserved 1069056K
  class space    used 2337K, capacity 2601K, committed 2688K, reserved 1048576K
}

