# JRE version: Java(TM) SE Runtime Environment (8.0_191-b12) (build 1.8.0_191-b12)
# Java VM: Java HotSpot(TM) 64-Bit Server VM (25.191-b12 mixed mode windows-amd64 compressed oops)
Heap:
 PSYoungGen      total 148480K, used 104928K [0x00000000d5d80000, 0x00000000dff80000, 0x0000000100000000)
  eden space 132608K, 79% used [0x00000000d5d80000,0x00000000dc3f80b8,0x00000000ddf00000)
  from space 15872K, 0% used [0x00000000def00000,0x00000000def00000,0x00000000dfe80000)
  to   space 16384K, 0% used [0x00000000ddf00000,0x00000000ddf00000,0x00000000def00000)
 ParOldGen       total 83968K, used 24729K [0x0000000081800000, 0x0000000086a00000, 0x00000000d5d80000)
  object space 83968K, 29% used [0x0000000081800000,0x0000000083026760,0x0000000086a00000)
 Metaspace       used 26328K, capacity 27336K, committed 27392K, reserved 1073152K
  class space    used 3036K, capacity 3292K, committed 3328K, reserved 1048576K
GC Heap History (10 events):
Event: 2.204 GC heap before
{Heap before GC invocations=3 (full 0):
 PSYoungGen      total 38400K, used 38382K [0x00000000d5d80000, 0x00000000d8800000, 0x0000000100000000)
  eden space 33280K, 100% used [0x00000000d5d80000,0x00000000d7e00000,0x00000000d7e00000)
  from space 5120K, 99% used [0x00000000d8300000,0x00000000d87fba38,0x00000000d8800000)
  to   space 5120K, 0% used [0x00000000d7e00000,0x00000000d7e00000,0x00000000d8300000)
 ParOldGen       total 87552K, used 1959K [0x0000000081800000, 0x0000000086d80000, 0x00000000d5d80000)
  object space 87552K, 2% used [0x0000000081800000,0x00000000819e9d18,0x0000000086d80000)
 Metaspace       used 13623K, capacity 13758K, committed 14080K, reserved 1062912K
  class space    used 1408K, capacity 1472K, committed 1536K, reserved 1048576K
Event: 2.221 GC heap after
Heap after GC invocations=3 (full 0):
 PSYoungGen      total 38400K, used 5096K [0x00000000d5d80000, 0x00000000da880000, 0x0000000100000000)
  eden space 33280K, 0% used [0x00000000d5d80000,0x00000000d5d80000,0x00000000d7e00000)
  from space 5120K, 99% used [0x00000000d7e00000,0x00000000d82fa1f8,0x00000000d8300000)
  to   space 5120K, 0% used [0x00000000da380000,0x00000000da380000,0x00000000da880000)
 ParOldGen       total 87552K, used 9400K [0x0000000081800000, 0x0000000086d80000, 0x00000000d5d80000)
  object space 87552K, 10% used [0x0000000081800000,0x000000008212e1c0,0x0000000086d80000)
 Metaspace       used 13623K, capacity 13758K, committed 14080K, reserved 1062912K
  class space    used 1408K, capacity 1472K, committed 1536K, reserved 1048576K
}
Event: 2.428 GC heap before
{Heap before GC invocations=4 (full 0):
 PSYoungGen      total 38400K, used 38376K [0x00000000d5d80000, 0x00000000da880000, 0x0000000100000000)
  eden space 33280K, 100% used [0x00000000d5d80000,0x00000000d7e00000,0x00000000d7e00000)
  from space 5120K, 99% used [0x00000000d7e00000,0x00000000d82fa1f8,0x00000000d8300000)
  to   space 5120K, 0% used [0x00000000da380000,0x00000000da380000,0x00000000da880000)
 ParOldGen       total 87552K, used 9400K [0x0000000081800000, 0x0000000086d80000, 0x00000000d5d80000)
  object space 87552K, 10% used [0x0000000081800000,0x000000008212e1c0,0x0000000086d80000)
 Metaspace       used 14743K, capacity 14942K, committed 15232K, reserved 1062912K
  class space    used 1495K, capacity 1568K, committed 1664K, reserved 1048576K
Event: 2.440 GC heap after
Heap after GC invocations=4 (full 0):
 PSYoungGen      total 71680K, used 5118K [0x00000000d5d80000, 0x00000000da880000, 0x0000000100000000)
  eden space 66560K, 0% used [0x00000000d5d80000,0x00000000d5d80000,0x00000000d9e80000)
  from space 5120K, 99% used [0x00000000da380000,0x00000000da87faf0,0x00000000da880000)
  to   space 5120K, 0% used [0x00000000d9e80000,0x00000000d9e80000,0x00000000da380000)
 ParOldGen       total 87552K, used 14531K [0x0000000081800000, 0x0000000086d80000, 0x00000000d5d80000)
  object space 87552K, 16% used [0x0000000081800000,0x0000000082630c00,0x0000000086d80000)
 Metaspace       used 14743K, capacity 14942K, committed 15232K, reserved 1062912K
  class space    used 1495K, capacity 1568K, committed 1664K, reserved 1048576K
}
Event: 2.967 GC heap before
{Heap before GC invocations=5 (full 0):
 PSYoungGen      total 71680K, used 71678K [0x00000000d5d80000, 0x00000000da880000, 0x0000000100000000)
  eden space 66560K, 100% used [0x00000000d5d80000,0x00000000d9e80000,0x00000000d9e80000)
  from space 5120K, 99% used [0x00000000da380000,0x00000000da87faf0,0x00000000da880000)
  to   space 5120K, 0% used [0x00000000d9e80000,0x00000000d9e80000,0x00000000da380000)
 ParOldGen       total 87552K, used 14531K [0x0000000081800000, 0x0000000086d80000, 0x00000000d5d80000)
  object space 87552K, 16% used [0x0000000081800000,0x0000000082630c00,0x0000000086d80000)
 Metaspace       used 17575K, capacity 17806K, committed 18176K, reserved 1064960K
  class space    used 1834K, capacity 1928K, committed 2048K, reserved 1048576K
Event: 2.987 GC heap after
Heap after GC invocations=5 (full 0):
 PSYoungGen      total 71680K, used 5118K [0x00000000d5d80000, 0x00000000dfe80000, 0x0000000100000000)
  eden space 66560K, 0% used [0x00000000d5d80000,0x00000000d5d80000,0x00000000d9e80000)
  from space 5120K, 99% used [0x00000000d9e80000,0x00000000da37f9f8,0x00000000da380000)
  to   space 15872K, 0% used [0x00000000def00000,0x00000000def00000,0x00000000dfe80000)
 ParOldGen       total 87552K, used 21320K [0x0000000081800000, 0x0000000086d80000, 0x00000000d5d80000)
  object space 87552K, 24% used [0x0000000081800000,0x0000000082cd21f0,0x0000000086d80000)
 Metaspace       used 17575K, capacity 17806K, committed 18176K, reserved 1064960K
  class space    used 1834K, capacity 1928K, committed 2048K, reserved 1048576K
}
Event: 3.586 GC heap before
{Heap before GC invocations=6 (full 0):
 PSYoungGen      total 71680K, used 60267K [0x00000000d5d80000, 0x00000000dfe80000, 0x0000000100000000)
  eden space 66560K, 82% used [0x00000000d5d80000,0x00000000d935b550,0x00000000d9e80000)
  from space 5120K, 99% used [0x00000000d9e80000,0x00000000da37f9f8,0x00000000da380000)
  to   space 15872K, 0% used [0x00000000def00000,0x00000000def00000,0x00000000dfe80000)
 ParOldGen       total 87552K, used 21320K [0x0000000081800000, 0x0000000086d80000, 0x00000000d5d80000)
  object space 87552K, 24% used [0x0000000081800000,0x0000000082cd21f0,0x0000000086d80000)
 Metaspace       used 20751K, capacity 21204K, committed 21296K, reserved 1069056K
  class space    used 2270K, capacity 2415K, committed 2432K, reserved 1048576K
Event: 3.602 GC heap after
Heap after GC invocations=6 (full 0):
 PSYoungGen      total 148480K, used 12104K [0x00000000d5d80000, 0x00000000dff80000, 0x0000000100000000)
  eden space 132608K, 0% used [0x00000000d5d80000,0x00000000d5d80000,0x00000000ddf00000)
  from space 15872K, 76% used [0x00000000def00000,0x00000000dfad2230,0x00000000dfe80000)
  to   space 16384K, 0% used [0x00000000ddf00000,0x00000000ddf00000,0x00000000def00000)
 ParOldGen       total 87552K, used 21328K [0x0000000081800000, 0x0000000086d80000, 0x00000000d5d80000)
  object space 87552K, 24% used [0x0000000081800000,0x0000000082cd41f0,0x0000000086d80000)
 Metaspace       used 20751K, capacity 21204K, committed 21296K, reserved 1069056K
  class space    used 2270K, capacity 2415K, committed 2432K, reserved 1048576K
}
Event: 3.602 GC heap before
{Heap before GC invocations=7 (full 1):
 PSYoungGen      total 148480K, used 12104K [0x00000000d5d80000, 0x00000000dff80000, 0x0000000100000000)
  eden space 132608K, 0% used [0x00000000d5d80000,0x00000000d5d80000,0x00000000ddf00000)
  from space 15872K, 76% used [0x00000000def00000,0x00000000dfad2230,0x00000000dfe80000)
  to   space 16384K, 0% used [0x00000000ddf00000,0x00000000ddf00000,0x00000000def00000)
 ParOldGen       total 87552K, used 21328K [0x0000000081800000, 0x0000000086d80000, 0x00000000d5d80000)
  object space 87552K, 24% used [0x0000000081800000,0x0000000082cd41f0,0x0000000086d80000)
 Metaspace       used 20751K, capacity 21204K, committed 21296K, reserved 1069056K
  class space    used 2270K, capacity 2415K, committed 2432K, reserved 1048576K
Event: 3.689 GC heap after
Heap after GC invocations=7 (full 1):
 PSYoungGen      total 148480K, used 0K [0x00000000d5d80000, 0x00000000dff80000, 0x0000000100000000)
  eden space 132608K, 0% used [0x00000000d5d80000,0x00000000d5d80000,0x00000000ddf00000)
  from space 15872K, 0% used [0x00000000def00000,0x00000000def00000,0x00000000dfe80000)
  to   space 16384K, 0% used [0x00000000ddf00000,0x00000000ddf00000,0x00000000def00000)
 ParOldGen       total 83968K, used 24729K [0x0000000081800000, 0x0000000086a00000, 0x00000000d5d80000)
  object space 83968K, 29% used [0x0000000081800000,0x0000000083026760,0x0000000086a00000)
 Metaspace       used 20751K, capacity 21204K, committed 21296K, reserved 1069056K
  class space    used 2270K, capacity 2415K, committed 2432K, reserved 1048576K
}

